\BOOKMARK [0][-]{chapter.1}{\376\377\000M\000a\000i\000n\000\040\000P\000a\000g\000e}{}% 1
\BOOKMARK [0][-]{chapter.2}{\376\377\000D\000a\000t\000a\000\040\000T\000y\000p\000e\000\040\000I\000n\000d\000e\000x}{}% 2
\BOOKMARK [1][-]{section.2.1}{\376\377\000D\000a\000t\000a\000\040\000T\000y\000p\000e\000s\000\040\000L\000i\000s\000t}{chapter.2}% 3
\BOOKMARK [0][-]{chapter.3}{\376\377\000F\000i\000l\000e\000\040\000I\000n\000d\000e\000x}{}% 4
\BOOKMARK [1][-]{section.3.1}{\376\377\000F\000i\000l\000e\000\040\000L\000i\000s\000t}{chapter.3}% 5
\BOOKMARK [0][-]{chapter.4}{\376\377\000D\000a\000t\000a\000\040\000T\000y\000p\000e\000\040\000D\000o\000c\000u\000m\000e\000n\000t\000a\000t\000i\000o\000n}{}% 6
\BOOKMARK [1][-]{section.4.1}{\376\377\000c\000o\000m\000m\000s\000\040\000M\000o\000d\000u\000l\000e\000\040\000R\000e\000f\000e\000r\000e\000n\000c\000e}{chapter.4}% 7
\BOOKMARK [2][-]{subsection.4.1.1}{\376\377\000D\000e\000t\000a\000i\000l\000e\000d\000\040\000D\000e\000s\000c\000r\000i\000p\000t\000i\000o\000n}{section.4.1}% 8
\BOOKMARK [2][-]{subsection.4.1.2}{\376\377\000M\000e\000m\000b\000e\000r\000\040\000F\000u\000n\000c\000t\000i\000o\000n\000/\000S\000u\000b\000r\000o\000u\000t\000i\000n\000e\000\040\000D\000o\000c\000u\000m\000e\000n\000t\000a\000t\000i\000o\000n}{section.4.1}% 9
\BOOKMARK [3][-]{subsubsection.4.1.2.1}{\376\377\000a\000l\000l\000o\000c\000a\000t\000e\000\137\000d\000a\000t\000a}{subsection.4.1.2}% 10
\BOOKMARK [3][-]{subsubsection.4.1.2.2}{\376\377\000d\000e\000a\000l\000l\000o\000c\000a\000t\000e\000\137\000d\000a\000t\000a}{subsection.4.1.2}% 11
\BOOKMARK [3][-]{subsubsection.4.1.2.3}{\376\377\000i\000n\000i\000t\000i\000a\000l\000i\000s\000e\000\137\000m\000p\000i}{subsection.4.1.2}% 12
\BOOKMARK [2][-]{subsection.4.1.3}{\376\377\000M\000e\000m\000b\000e\000r\000\040\000D\000a\000t\000a\000\040\000D\000o\000c\000u\000m\000e\000n\000t\000a\000t\000i\000o\000n}{section.4.1}% 13
\BOOKMARK [3][-]{subsubsection.4.1.3.1}{\376\377\000c\000p\000l\000\137\000m\000p\000i\000\137\000c\000o\000m\000m}{subsection.4.1.3}% 14
\BOOKMARK [3][-]{subsubsection.4.1.3.2}{\376\377\000g\000b\000l\000c\000o\000u\000n\000t}{subsection.4.1.3}% 15
\BOOKMARK [3][-]{subsubsection.4.1.3.3}{\376\377\000g\000b\000l\000d\000i\000s\000p}{subsection.4.1.3}% 16
\BOOKMARK [3][-]{subsubsection.4.1.3.4}{\376\377\000m\000y\000p\000e\000\137\000i\000d}{subsection.4.1.3}% 17
\BOOKMARK [3][-]{subsubsection.4.1.3.5}{\376\377\000m\000y\000r\000a\000n\000k}{subsection.4.1.3}% 18
\BOOKMARK [3][-]{subsubsection.4.1.3.6}{\376\377\000n\000p\000f\000s}{subsection.4.1.3}% 19
\BOOKMARK [3][-]{subsubsection.4.1.3.7}{\376\377\000n\000p\000r\000o\000c}{subsection.4.1.3}% 20
\BOOKMARK [3][-]{subsubsection.4.1.3.8}{\376\377\000p\000f\000\137\000m\000p\000i\000\137\000c\000o\000m\000m}{subsection.4.1.3}% 21
\BOOKMARK [3][-]{subsubsection.4.1.3.9}{\376\377\000p\000f\000r\000a\000n\000k}{subsection.4.1.3}% 22
\BOOKMARK [1][-]{section.4.2}{\376\377\000h\000i\000s\000t\000o\000g\000r\000a\000m\000\137\000d\000a\000t\000a\000\040\000M\000o\000d\000u\000l\000e\000\040\000R\000e\000f\000e\000r\000e\000n\000c\000e}{chapter.4}% 23
\BOOKMARK [2][-]{subsection.4.2.1}{\376\377\000D\000e\000t\000a\000i\000l\000e\000d\000\040\000D\000e\000s\000c\000r\000i\000p\000t\000i\000o\000n}{section.4.2}% 24
\BOOKMARK [2][-]{subsection.4.2.2}{\376\377\000M\000e\000m\000b\000e\000r\000\040\000F\000u\000n\000c\000t\000i\000o\000n\000/\000S\000u\000b\000r\000o\000u\000t\000i\000n\000e\000\040\000D\000o\000c\000u\000m\000e\000n\000t\000a\000t\000i\000o\000n}{section.4.2}% 25
\BOOKMARK [3][-]{subsubsection.4.2.2.1}{\376\377\000k\000i\000l\000l\000\137\000h\000i\000s\000t\000o\000g\000r\000a\000m\000\137\000d\000a\000t\000a}{subsection.4.2.2}% 26
\BOOKMARK [3][-]{subsubsection.4.2.2.2}{\376\377\000l\000o\000a\000d\000\137\000h\000i\000s\000t\000o\000g\000r\000a\000m\000\137\000d\000a\000t\000a}{subsection.4.2.2}% 27
\BOOKMARK [2][-]{subsection.4.2.3}{\376\377\000M\000e\000m\000b\000e\000r\000\040\000D\000a\000t\000a\000\040\000D\000o\000c\000u\000m\000e\000n\000t\000a\000t\000i\000o\000n}{section.4.2}% 28
\BOOKMARK [3][-]{subsubsection.4.2.3.1}{\376\377\000r\000a\000n\000k\000\137\000h\000i\000s\000t\000\137\000l\000i\000s\000t}{subsection.4.2.3}% 29
\BOOKMARK [3][-]{subsubsection.4.2.3.2}{\376\377\000r\000a\000n\000k\000\137\000h\000i\000s\000t\000\137\000n\000u\000m\000s}{subsection.4.2.3}% 30
\BOOKMARK [3][-]{subsubsection.4.2.3.3}{\376\377\000r\000h\000l\000\137\000n}{subsection.4.2.3}% 31
\BOOKMARK [3][-]{subsubsection.4.2.3.4}{\376\377\000r\000h\000n\000\137\000n}{subsection.4.2.3}% 32
\BOOKMARK [1][-]{section.4.3}{\376\377\000h\000q\000h\000t\000\137\000p\000l\000u\000s\000\137\000r\000\040\000M\000o\000d\000u\000l\000e\000\040\000R\000e\000f\000e\000r\000e\000n\000c\000e}{chapter.4}% 33
\BOOKMARK [2][-]{subsection.4.3.1}{\376\377\000M\000e\000m\000b\000e\000r\000\040\000F\000u\000n\000c\000t\000i\000o\000n\000/\000S\000u\000b\000r\000o\000u\000t\000i\000n\000e\000\040\000D\000o\000c\000u\000m\000e\000n\000t\000a\000t\000i\000o\000n}{section.4.3}% 34
\BOOKMARK [3][-]{subsubsection.4.3.1.1}{\376\377\000h\000q\000h\000t\000r\000\137\000f\000a\000c\000t\000o\000r}{subsection.4.3.1}% 35
\BOOKMARK [3][-]{subsubsection.4.3.1.2}{\376\377\000k\000i\000l\000l\000\137\000h\000q\000h\000t\000r}{subsection.4.3.1}% 36
\BOOKMARK [3][-]{subsubsection.4.3.1.3}{\376\377\000l\000o\000a\000d\000\137\000h\000q\000h\000t\000r}{subsection.4.3.1}% 37
\BOOKMARK [1][-]{section.4.4}{\376\377\000p\000f\000\137\000c\000o\000n\000t\000r\000o\000l\000\040\000M\000o\000d\000u\000l\000e\000\040\000R\000e\000f\000e\000r\000e\000n\000c\000e}{chapter.4}% 38
\BOOKMARK [2][-]{subsection.4.4.1}{\376\377\000D\000e\000t\000a\000i\000l\000e\000d\000\040\000D\000e\000s\000c\000r\000i\000p\000t\000i\000o\000n}{section.4.4}% 39
\BOOKMARK [2][-]{subsection.4.4.2}{\376\377\000M\000e\000m\000b\000e\000r\000\040\000F\000u\000n\000c\000t\000i\000o\000n\000/\000S\000u\000b\000r\000o\000u\000t\000i\000n\000e\000\040\000D\000o\000c\000u\000m\000e\000n\000t\000a\000t\000i\000o\000n}{section.4.4}% 40
\BOOKMARK [3][-]{subsubsection.4.4.2.1}{\376\377\000a\000l\000l\000o\000c\000a\000t\000e\000\137\000p\000f}{subsection.4.4.2}% 41
\BOOKMARK [3][-]{subsubsection.4.4.2.2}{\376\377\000d\000e\000a\000l\000l\000o\000c\000a\000t\000e\000\137\000p\000f}{subsection.4.4.2}% 42
\BOOKMARK [3][-]{subsubsection.4.4.2.3}{\376\377\000s\000e\000t\000\137\000p\000f\000\137\000c\000o\000n\000t\000r\000o\000l\000s}{subsection.4.4.2}% 43
\BOOKMARK [2][-]{subsection.4.4.3}{\376\377\000M\000e\000m\000b\000e\000r\000\040\000D\000a\000t\000a\000\040\000D\000o\000c\000u\000m\000e\000n\000t\000a\000t\000i\000o\000n}{section.4.4}% 44
\BOOKMARK [3][-]{subsubsection.4.4.3.1}{\376\377\000p\000f}{subsection.4.4.3}% 45
\BOOKMARK [1][-]{section.4.5}{\376\377\000p\000f\000\137\000c\000o\000n\000t\000r\000o\000l\000:\000:\000p\000f\000\137\000c\000o\000n\000t\000r\000o\000l\000\137\000t\000y\000p\000e\000\040\000T\000y\000p\000e\000\040\000R\000e\000f\000e\000r\000e\000n\000c\000e}{chapter.4}% 46
\BOOKMARK [2][-]{subsection.4.5.1}{\376\377\000M\000e\000m\000b\000e\000r\000\040\000D\000a\000t\000a\000\040\000D\000o\000c\000u\000m\000e\000n\000t\000a\000t\000i\000o\000n}{section.4.5}% 47
\BOOKMARK [3][-]{subsubsection.4.5.1.1}{\376\377\000c\000o\000u\000n\000t}{subsection.4.5.1}% 48
\BOOKMARK [3][-]{subsubsection.4.5.1.2}{\376\377\000c\000o\000u\000p\000l\000e\000\137\000r\000o\000o\000t}{subsection.4.5.1}% 49
\BOOKMARK [3][-]{subsubsection.4.5.1.3}{\376\377\000e\000f\000a\000c}{subsection.4.5.1}% 50
\BOOKMARK [3][-]{subsubsection.4.5.1.4}{\376\377\000g\000e\000n\000\137\000d\000a\000t\000a}{subsection.4.5.1}% 51
\BOOKMARK [3][-]{subsubsection.4.5.1.5}{\376\377\000g\000e\000n\000\137\000q}{subsection.4.5.1}% 52
\BOOKMARK [3][-]{subsubsection.4.5.1.6}{\376\377\000h\000u\000m\000a\000n\000\137\000r\000e\000a\000d\000a\000b\000l\000e}{subsection.4.5.1}% 53
\BOOKMARK [3][-]{subsubsection.4.5.1.7}{\376\377\000i\000n\000i\000t}{subsection.4.5.1}% 54
\BOOKMARK [3][-]{subsubsection.4.5.1.8}{\376\377\000k\000e\000e\000p}{subsection.4.5.1}% 55
\BOOKMARK [3][-]{subsubsection.4.5.1.9}{\376\377\000m\000e\000a\000n}{subsection.4.5.1}% 56
\BOOKMARK [3][-]{subsubsection.4.5.1.10}{\376\377\000n\000e\000n\000s}{subsection.4.5.1}% 57
\BOOKMARK [3][-]{subsubsection.4.5.1.11}{\376\377\000n\000f\000a\000c}{subsection.4.5.1}% 58
\BOOKMARK [3][-]{subsubsection.4.5.1.12}{\376\377\000n\000u\000d\000g\000e\000f\000a\000c}{subsection.4.5.1}% 59
\BOOKMARK [3][-]{subsubsection.4.5.1.13}{\376\377\000p\000a\000r\000t\000i\000c\000l\000e\000s}{subsection.4.5.1}% 60
\BOOKMARK [3][-]{subsubsection.4.5.1.14}{\376\377\000p\000s\000i}{subsection.4.5.1}% 61
\BOOKMARK [3][-]{subsubsection.4.5.1.15}{\376\377\000q\000s\000c\000a\000l\000e}{subsection.4.5.1}% 62
\BOOKMARK [3][-]{subsubsection.4.5.1.16}{\376\377\000t\000a\000l\000a\000g\000r\000a\000n\000d}{subsection.4.5.1}% 63
\BOOKMARK [3][-]{subsubsection.4.5.1.17}{\376\377\000t\000i\000m\000e}{subsection.4.5.1}% 64
\BOOKMARK [3][-]{subsubsection.4.5.1.18}{\376\377\000t\000i\000m\000e\000\137\000b\000w\000n\000\137\000o\000b\000s}{subsection.4.5.1}% 65
\BOOKMARK [3][-]{subsubsection.4.5.1.19}{\376\377\000t\000i\000m\000e\000\137\000o\000b\000s}{subsection.4.5.1}% 66
\BOOKMARK [3][-]{subsubsection.4.5.1.20}{\376\377\000t\000i\000m\000e\000s\000t\000e\000p}{subsection.4.5.1}% 67
\BOOKMARK [3][-]{subsubsection.4.5.1.21}{\376\377\000t\000y\000p\000e}{subsection.4.5.1}% 68
\BOOKMARK [3][-]{subsubsection.4.5.1.22}{\376\377\000u\000f\000a\000c}{subsection.4.5.1}% 69
\BOOKMARK [3][-]{subsubsection.4.5.1.23}{\376\377\000u\000s\000e\000\137\000m\000e\000a\000n}{subsection.4.5.1}% 70
\BOOKMARK [3][-]{subsubsection.4.5.1.24}{\376\377\000u\000s\000e\000\137\000r\000m\000s\000e}{subsection.4.5.1}% 71
\BOOKMARK [3][-]{subsubsection.4.5.1.25}{\376\377\000u\000s\000e\000\137\000t\000a\000l\000a\000g\000r\000a\000n\000d}{subsection.4.5.1}% 72
\BOOKMARK [3][-]{subsubsection.4.5.1.26}{\376\377\000u\000s\000e\000\137\000t\000r\000a\000j}{subsection.4.5.1}% 73
\BOOKMARK [3][-]{subsubsection.4.5.1.27}{\376\377\000u\000s\000e\000\137\000v\000a\000r}{subsection.4.5.1}% 74
\BOOKMARK [3][-]{subsubsection.4.5.1.28}{\376\377\000u\000s\000e\000\137\000w\000e\000a\000k}{subsection.4.5.1}% 75
\BOOKMARK [3][-]{subsubsection.4.5.1.29}{\376\377\000w\000e\000i\000g\000h\000t}{subsection.4.5.1}% 76
\BOOKMARK [1][-]{section.4.6}{\376\377\000q\000d\000a\000t\000a\000\040\000M\000o\000d\000u\000l\000e\000\040\000R\000e\000f\000e\000r\000e\000n\000c\000e}{chapter.4}% 77
\BOOKMARK [2][-]{subsection.4.6.1}{\376\377\000D\000e\000t\000a\000i\000l\000e\000d\000\040\000D\000e\000s\000c\000r\000i\000p\000t\000i\000o\000n}{section.4.6}% 78
\BOOKMARK [2][-]{subsection.4.6.2}{\376\377\000M\000e\000m\000b\000e\000r\000\040\000F\000u\000n\000c\000t\000i\000o\000n\000/\000S\000u\000b\000r\000o\000u\000t\000i\000n\000e\000\040\000D\000o\000c\000u\000m\000e\000n\000t\000a\000t\000i\000o\000n}{section.4.6}% 79
\BOOKMARK [3][-]{subsubsection.4.6.2.1}{\376\377\000k\000i\000l\000l\000q}{subsection.4.6.2}% 80
\BOOKMARK [3][-]{subsubsection.4.6.2.2}{\376\377\000l\000o\000a\000d\000q}{subsection.4.6.2}% 81
\BOOKMARK [2][-]{subsection.4.6.3}{\376\377\000M\000e\000m\000b\000e\000r\000\040\000D\000a\000t\000a\000\040\000D\000o\000c\000u\000m\000e\000n\000t\000a\000t\000i\000o\000n}{section.4.6}% 82
\BOOKMARK [3][-]{subsubsection.4.6.3.1}{\376\377\000q\000c\000o\000l}{subsection.4.6.3}% 83
\BOOKMARK [3][-]{subsubsection.4.6.3.2}{\376\377\000q\000d\000i\000a\000g}{subsection.4.6.3}% 84
\BOOKMARK [3][-]{subsubsection.4.6.3.3}{\376\377\000q\000n}{subsection.4.6.3}% 85
\BOOKMARK [3][-]{subsubsection.4.6.3.4}{\376\377\000q\000n\000e}{subsection.4.6.3}% 86
\BOOKMARK [3][-]{subsubsection.4.6.3.5}{\376\377\000q\000r\000o\000w}{subsection.4.6.3}% 87
\BOOKMARK [3][-]{subsubsection.4.6.3.6}{\376\377\000q\000s\000c\000a\000l\000e}{subsection.4.6.3}% 88
\BOOKMARK [3][-]{subsubsection.4.6.3.7}{\376\377\000q\000v\000a\000l}{subsection.4.6.3}% 89
\BOOKMARK [1][-]{section.4.7}{\376\377\000r\000a\000n\000d\000o\000m\000\040\000M\000o\000d\000u\000l\000e\000\040\000R\000e\000f\000e\000r\000e\000n\000c\000e}{chapter.4}% 90
\BOOKMARK [2][-]{subsection.4.7.1}{\376\377\000D\000e\000t\000a\000i\000l\000e\000d\000\040\000D\000e\000s\000c\000r\000i\000p\000t\000i\000o\000n}{section.4.7}% 91
\BOOKMARK [2][-]{subsection.4.7.2}{\376\377\000M\000e\000m\000b\000e\000r\000\040\000F\000u\000n\000c\000t\000i\000o\000n\000/\000S\000u\000b\000r\000o\000u\000t\000i\000n\000e\000\040\000D\000o\000c\000u\000m\000e\000n\000t\000a\000t\000i\000o\000n}{section.4.7}% 92
\BOOKMARK [3][-]{subsubsection.4.7.2.1}{\376\377\000b\000i\000n\000\137\000p\000r\000o\000b}{subsection.4.7.2}% 93
\BOOKMARK [3][-]{subsubsection.4.7.2.2}{\376\377\000l\000n\000g\000a\000m\000m\000a}{subsection.4.7.2}% 94
\BOOKMARK [3][-]{subsubsection.4.7.2.3}{\376\377\000r\000a\000n\000d\000o\000m\000\137\000b\000e\000t\000a}{subsection.4.7.2}% 95
\BOOKMARK [3][-]{subsubsection.4.7.2.4}{\376\377\000r\000a\000n\000d\000o\000m\000\137\000b\000i\000n\000o\000m\000i\000a\000l\0001}{subsection.4.7.2}% 96
\BOOKMARK [3][-]{subsubsection.4.7.2.5}{\376\377\000r\000a\000n\000d\000o\000m\000\137\000b\000i\000n\000o\000m\000i\000a\000l\0002}{subsection.4.7.2}% 97
\BOOKMARK [3][-]{subsubsection.4.7.2.6}{\376\377\000r\000a\000n\000d\000o\000m\000\137\000c\000a\000u\000c\000h\000y}{subsection.4.7.2}% 98
\BOOKMARK [3][-]{subsubsection.4.7.2.7}{\376\377\000r\000a\000n\000d\000o\000m\000\137\000c\000h\000i\000s\000q}{subsection.4.7.2}% 99
\BOOKMARK [3][-]{subsubsection.4.7.2.8}{\376\377\000r\000a\000n\000d\000o\000m\000\137\000e\000x\000p\000o\000n\000e\000n\000t\000i\000a\000l}{subsection.4.7.2}% 100
\BOOKMARK [3][-]{subsubsection.4.7.2.9}{\376\377\000r\000a\000n\000d\000o\000m\000\137\000g\000a\000m\000m\000a}{subsection.4.7.2}% 101
\BOOKMARK [3][-]{subsubsection.4.7.2.10}{\376\377\000r\000a\000n\000d\000o\000m\000\137\000g\000a\000m\000m\000a\0001}{subsection.4.7.2}% 102
\BOOKMARK [3][-]{subsubsection.4.7.2.11}{\376\377\000r\000a\000n\000d\000o\000m\000\137\000g\000a\000m\000m\000a\0002}{subsection.4.7.2}% 103
\BOOKMARK [3][-]{subsubsection.4.7.2.12}{\376\377\000r\000a\000n\000d\000o\000m\000\137\000i\000n\000v\000\137\000g\000a\000u\000s\000s}{subsection.4.7.2}% 104
\BOOKMARK [3][-]{subsubsection.4.7.2.13}{\376\377\000r\000a\000n\000d\000o\000m\000\137\000m\000v\000n\000o\000r\000m}{subsection.4.7.2}% 105
\BOOKMARK [3][-]{subsubsection.4.7.2.14}{\376\377\000r\000a\000n\000d\000o\000m\000\137\000n\000e\000g\000\137\000b\000i\000n\000o\000m\000i\000a\000l}{subsection.4.7.2}% 106
\BOOKMARK [3][-]{subsubsection.4.7.2.15}{\376\377\000r\000a\000n\000d\000o\000m\000\137\000n\000o\000r\000m\000a\000l}{subsection.4.7.2}% 107
\BOOKMARK [3][-]{subsubsection.4.7.2.16}{\376\377\000r\000a\000n\000d\000o\000m\000\137\000o\000r\000d\000e\000r}{subsection.4.7.2}% 108
\BOOKMARK [3][-]{subsubsection.4.7.2.17}{\376\377\000r\000a\000n\000d\000o\000m\000\137\000p\000o\000i\000s\000s\000o\000n}{subsection.4.7.2}% 109
\BOOKMARK [3][-]{subsubsection.4.7.2.18}{\376\377\000r\000a\000n\000d\000o\000m\000\137\000t}{subsection.4.7.2}% 110
\BOOKMARK [3][-]{subsubsection.4.7.2.19}{\376\377\000r\000a\000n\000d\000o\000m\000\137\000v\000o\000n\000\137\000m\000i\000s\000e\000s}{subsection.4.7.2}% 111
\BOOKMARK [3][-]{subsubsection.4.7.2.20}{\376\377\000r\000a\000n\000d\000o\000m\000\137\000w\000e\000i\000b\000u\000l\000l}{subsection.4.7.2}% 112
\BOOKMARK [3][-]{subsubsection.4.7.2.21}{\376\377\000s\000e\000e\000d\000\137\000r\000a\000n\000d\000o\000m\000\137\000n\000u\000m\000b\000e\000r}{subsection.4.7.2}% 113
\BOOKMARK [2][-]{subsection.4.7.3}{\376\377\000M\000e\000m\000b\000e\000r\000\040\000D\000a\000t\000a\000\040\000D\000o\000c\000u\000m\000e\000n\000t\000a\000t\000i\000o\000n}{section.4.7}% 114
\BOOKMARK [3][-]{subsubsection.4.7.3.1}{\376\377\000d\000p}{subsection.4.7.3}% 115
\BOOKMARK [1][-]{section.4.8}{\376\377\000r\000d\000a\000t\000a\000\040\000M\000o\000d\000u\000l\000e\000\040\000R\000e\000f\000e\000r\000e\000n\000c\000e}{chapter.4}% 116
\BOOKMARK [2][-]{subsection.4.8.1}{\376\377\000D\000e\000t\000a\000i\000l\000e\000d\000\040\000D\000e\000s\000c\000r\000i\000p\000t\000i\000o\000n}{section.4.8}% 117
\BOOKMARK [2][-]{subsection.4.8.2}{\376\377\000M\000e\000m\000b\000e\000r\000\040\000F\000u\000n\000c\000t\000i\000o\000n\000/\000S\000u\000b\000r\000o\000u\000t\000i\000n\000e\000\040\000D\000o\000c\000u\000m\000e\000n\000t\000a\000t\000i\000o\000n}{section.4.8}% 118
\BOOKMARK [3][-]{subsubsection.4.8.2.1}{\376\377\000k\000i\000l\000l\000r}{subsection.4.8.2}% 119
\BOOKMARK [3][-]{subsubsection.4.8.2.2}{\376\377\000l\000o\000a\000d\000r}{subsection.4.8.2}% 120
\BOOKMARK [2][-]{subsection.4.8.3}{\376\377\000M\000e\000m\000b\000e\000r\000\040\000D\000a\000t\000a\000\040\000D\000o\000c\000u\000m\000e\000n\000t\000a\000t\000i\000o\000n}{section.4.8}% 121
\BOOKMARK [3][-]{subsubsection.4.8.3.1}{\376\377\000r\000c\000o\000l}{subsection.4.8.3}% 122
\BOOKMARK [3][-]{subsubsection.4.8.3.2}{\376\377\000r\000d\000i\000a\000g}{subsection.4.8.3}% 123
\BOOKMARK [3][-]{subsubsection.4.8.3.3}{\376\377\000r\000n}{subsection.4.8.3}% 124
\BOOKMARK [3][-]{subsubsection.4.8.3.4}{\376\377\000r\000n\000e}{subsection.4.8.3}% 125
\BOOKMARK [3][-]{subsubsection.4.8.3.5}{\376\377\000r\000r\000o\000w}{subsection.4.8.3}% 126
\BOOKMARK [3][-]{subsubsection.4.8.3.6}{\376\377\000r\000v\000a\000l}{subsection.4.8.3}% 127
\BOOKMARK [1][-]{section.4.9}{\376\377\000s\000i\000z\000e\000s\000\040\000M\000o\000d\000u\000l\000e\000\040\000R\000e\000f\000e\000r\000e\000n\000c\000e}{chapter.4}% 128
\BOOKMARK [2][-]{subsection.4.9.1}{\376\377\000D\000e\000t\000a\000i\000l\000e\000d\000\040\000D\000e\000s\000c\000r\000i\000p\000t\000i\000o\000n}{section.4.9}% 129
\BOOKMARK [2][-]{subsection.4.9.2}{\376\377\000M\000e\000m\000b\000e\000r\000\040\000D\000a\000t\000a\000\040\000D\000o\000c\000u\000m\000e\000n\000t\000a\000t\000i\000o\000n}{section.4.9}% 130
\BOOKMARK [3][-]{subsubsection.4.9.2.1}{\376\377\000o\000b\000s\000\137\000d\000i\000m}{subsection.4.9.2}% 131
\BOOKMARK [3][-]{subsubsection.4.9.2.2}{\376\377\000s\000t\000a\000t\000e\000\137\000d\000i\000m}{subsection.4.9.2}% 132
\BOOKMARK [0][-]{chapter.5}{\376\377\000F\000i\000l\000e\000\040\000D\000o\000c\000u\000m\000e\000n\000t\000a\000t\000i\000o\000n}{}% 133
\BOOKMARK [1][-]{section.5.1}{\376\377\000s\000r\000c\000/\000c\000o\000n\000t\000r\000o\000l\000e\000r\000s\000/\000o\000l\000d\000\137\000p\000f\000\137\000c\000o\000u\000p\000l\000e\000.\000f\0009\0000\000\040\000F\000i\000l\000e\000\040\000R\000e\000f\000e\000r\000e\000n\000c\000e}{chapter.5}% 134
\BOOKMARK [2][-]{subsection.5.1.1}{\376\377\000F\000u\000n\000c\000t\000i\000o\000n\000/\000S\000u\000b\000r\000o\000u\000t\000i\000n\000e\000\040\000D\000o\000c\000u\000m\000e\000n\000t\000a\000t\000i\000o\000n}{section.5.1}% 135
\BOOKMARK [3][-]{subsubsection.5.1.1.1}{\376\377\000c\000o\000u\000p\000l\000e\000\137\000p\000f}{subsection.5.1.1}% 136
\BOOKMARK [1][-]{section.5.2}{\376\377\000s\000r\000c\000/\000c\000o\000n\000t\000r\000o\000l\000e\000r\000s\000/\000p\000f\000\137\000c\000o\000n\000t\000r\000o\000l\000.\000f\0009\0000\000\040\000F\000i\000l\000e\000\040\000R\000e\000f\000e\000r\000e\000n\000c\000e}{chapter.5}% 137
\BOOKMARK [1][-]{section.5.3}{\376\377\000s\000r\000c\000/\000c\000o\000n\000t\000r\000o\000l\000e\000r\000s\000/\000p\000f\000\137\000c\000o\000u\000p\000l\000e\000.\000f\0009\0000\000\040\000F\000i\000l\000e\000\040\000R\000e\000f\000e\000r\000e\000n\000c\000e}{chapter.5}% 138
\BOOKMARK [2][-]{subsection.5.3.1}{\376\377\000F\000u\000n\000c\000t\000i\000o\000n\000/\000S\000u\000b\000r\000o\000u\000t\000i\000n\000e\000\040\000D\000o\000c\000u\000m\000e\000n\000t\000a\000t\000i\000o\000n}{section.5.3}% 139
\BOOKMARK [3][-]{subsubsection.5.3.1.1}{\376\377\000e\000m\000p\000i\000r\000e}{subsection.5.3.1}% 140
\BOOKMARK [1][-]{section.5.4}{\376\377\000s\000r\000c\000/\000c\000o\000n\000t\000r\000o\000l\000e\000r\000s\000/\000s\000i\000z\000e\000s\000.\000f\0009\0000\000\040\000F\000i\000l\000e\000\040\000R\000e\000f\000e\000r\000e\000n\000c\000e}{chapter.5}% 141
\BOOKMARK [1][-]{section.5.5}{\376\377\000s\000r\000c\000/\000d\000a\000t\000a\000/\000Q\000d\000a\000t\000a\000.\000f\0009\0000\000\040\000F\000i\000l\000e\000\040\000R\000e\000f\000e\000r\000e\000n\000c\000e}{chapter.5}% 142
\BOOKMARK [1][-]{section.5.6}{\376\377\000s\000r\000c\000/\000d\000a\000t\000a\000/\000R\000d\000a\000t\000a\000.\000f\0009\0000\000\040\000F\000i\000l\000e\000\040\000R\000e\000f\000e\000r\000e\000n\000c\000e}{chapter.5}% 143
\BOOKMARK [1][-]{section.5.7}{\376\377\000s\000r\000c\000/\000f\000i\000l\000t\000e\000r\000s\000/\000e\000a\000k\000f\000\137\000a\000n\000a\000l\000y\000s\000i\000s\000.\000f\0009\0000\000\040\000F\000i\000l\000e\000\040\000R\000e\000f\000e\000r\000e\000n\000c\000e}{chapter.5}% 144
\BOOKMARK [2][-]{subsection.5.7.1}{\376\377\000F\000u\000n\000c\000t\000i\000o\000n\000/\000S\000u\000b\000r\000o\000u\000t\000i\000n\000e\000\040\000D\000o\000c\000u\000m\000e\000n\000t\000a\000t\000i\000o\000n}{section.5.7}% 145
\BOOKMARK [3][-]{subsubsection.5.7.1.1}{\376\377\000e\000a\000k\000f\000\137\000a\000n\000a\000l\000y\000s\000i\000s}{subsection.5.7.1}% 146
\BOOKMARK [1][-]{section.5.8}{\376\377\000s\000r\000c\000/\000f\000i\000l\000t\000e\000r\000s\000/\000e\000n\000k\000f\000\137\000s\000p\000e\000c\000i\000f\000i\000c\000.\000f\0009\0000\000\040\000F\000i\000l\000e\000\040\000R\000e\000f\000e\000r\000e\000n\000c\000e}{chapter.5}% 147
\BOOKMARK [2][-]{subsection.5.8.1}{\376\377\000F\000u\000n\000c\000t\000i\000o\000n\000/\000S\000u\000b\000r\000o\000u\000t\000i\000n\000e\000\040\000D\000o\000c\000u\000m\000e\000n\000t\000a\000t\000i\000o\000n}{section.5.8}% 148
\BOOKMARK [3][-]{subsubsection.5.8.1.1}{\376\377\000g\000e\000t\000\137\000l\000o\000c\000a\000l\000\137\000o\000b\000s\000e\000r\000v\000a\000t\000i\000o\000n\000\137\000d\000a\000t\000a}{subsection.5.8.1}% 149
\BOOKMARK [3][-]{subsubsection.5.8.1.2}{\376\377\000h\000\137\000l\000o\000c\000a\000l}{subsection.5.8.1}% 150
\BOOKMARK [3][-]{subsubsection.5.8.1.3}{\376\377\000l\000o\000c\000a\000l\000i\000s\000e\000\137\000e\000n\000k\000f}{subsection.5.8.1}% 151
\BOOKMARK [3][-]{subsubsection.5.8.1.4}{\376\377\000s\000o\000l\000v\000e\000\137\000r\000h\000a\000l\000f\000\137\000l\000o\000c\000a\000l}{subsection.5.8.1}% 152
\BOOKMARK [1][-]{section.5.9}{\376\377\000s\000r\000c\000/\000f\000i\000l\000t\000e\000r\000s\000/\000e\000q\000u\000i\000v\000a\000l\000e\000n\000t\000\137\000w\000e\000i\000g\000h\000t\000s\000\137\000s\000t\000e\000p\000.\000f\0009\0000\000\040\000F\000i\000l\000e\000\040\000R\000e\000f\000e\000r\000e\000n\000c\000e}{chapter.5}% 153
\BOOKMARK [2][-]{subsection.5.9.1}{\376\377\000F\000u\000n\000c\000t\000i\000o\000n\000/\000S\000u\000b\000r\000o\000u\000t\000i\000n\000e\000\040\000D\000o\000c\000u\000m\000e\000n\000t\000a\000t\000i\000o\000n}{section.5.9}% 154
\BOOKMARK [3][-]{subsubsection.5.9.1.1}{\376\377\000e\000q\000u\000a\000l\000\137\000w\000e\000i\000g\000h\000t\000\137\000f\000i\000l\000t\000e\000r}{subsection.5.9.1}% 155
\BOOKMARK [1][-]{section.5.10}{\376\377\000s\000r\000c\000/\000f\000i\000l\000t\000e\000r\000s\000/\000e\000t\000k\000f\000\137\000a\000n\000a\000l\000y\000s\000i\000s\000.\000f\0009\0000\000\040\000F\000i\000l\000e\000\040\000R\000e\000f\000e\000r\000e\000n\000c\000e}{chapter.5}% 156
\BOOKMARK [2][-]{subsection.5.10.1}{\376\377\000F\000u\000n\000c\000t\000i\000o\000n\000/\000S\000u\000b\000r\000o\000u\000t\000i\000n\000e\000\040\000D\000o\000c\000u\000m\000e\000n\000t\000a\000t\000i\000o\000n}{section.5.10}% 157
\BOOKMARK [3][-]{subsubsection.5.10.1.1}{\376\377\000e\000t\000k\000f\000\137\000a\000n\000a\000l\000y\000s\000i\000s}{subsection.5.10.1}% 158
\BOOKMARK [1][-]{section.5.11}{\376\377\000s\000r\000c\000/\000f\000i\000l\000t\000e\000r\000s\000/\000p\000r\000o\000p\000o\000s\000a\000l\000\137\000f\000i\000l\000t\000e\000r\000.\000f\0009\0000\000\040\000F\000i\000l\000e\000\040\000R\000e\000f\000e\000r\000e\000n\000c\000e}{chapter.5}% 159
\BOOKMARK [2][-]{subsection.5.11.1}{\376\377\000F\000u\000n\000c\000t\000i\000o\000n\000/\000S\000u\000b\000r\000o\000u\000t\000i\000n\000e\000\040\000D\000o\000c\000u\000m\000e\000n\000t\000a\000t\000i\000o\000n}{section.5.11}% 160
\BOOKMARK [3][-]{subsubsection.5.11.1.1}{\376\377\000p\000r\000o\000p\000o\000s\000a\000l\000\137\000f\000i\000l\000t\000e\000r}{subsection.5.11.1}% 161
\BOOKMARK [1][-]{section.5.12}{\376\377\000s\000r\000c\000/\000f\000i\000l\000t\000e\000r\000s\000/\000s\000i\000r\000\137\000f\000i\000l\000t\000e\000r\000.\000f\0009\0000\000\040\000F\000i\000l\000e\000\040\000R\000e\000f\000e\000r\000e\000n\000c\000e}{chapter.5}% 162
\BOOKMARK [2][-]{subsection.5.12.1}{\376\377\000F\000u\000n\000c\000t\000i\000o\000n\000/\000S\000u\000b\000r\000o\000u\000t\000i\000n\000e\000\040\000D\000o\000c\000u\000m\000e\000n\000t\000a\000t\000i\000o\000n}{section.5.12}% 163
\BOOKMARK [3][-]{subsubsection.5.12.1.1}{\376\377\000s\000i\000r\000\137\000f\000i\000l\000t\000e\000r}{subsection.5.12.1}% 164
\BOOKMARK [1][-]{section.5.13}{\376\377\000s\000r\000c\000/\000f\000i\000l\000t\000e\000r\000s\000/\000s\000t\000o\000c\000h\000a\000s\000t\000i\000c\000\137\000m\000o\000d\000e\000l\000.\000f\0009\0000\000\040\000F\000i\000l\000e\000\040\000R\000e\000f\000e\000r\000e\000n\000c\000e}{chapter.5}% 165
\BOOKMARK [2][-]{subsection.5.13.1}{\376\377\000F\000u\000n\000c\000t\000i\000o\000n\000/\000S\000u\000b\000r\000o\000u\000t\000i\000n\000e\000\040\000D\000o\000c\000u\000m\000e\000n\000t\000a\000t\000i\000o\000n}{section.5.13}% 166
\BOOKMARK [3][-]{subsubsection.5.13.1.1}{\376\377\000c\000h\000e\000c\000k\000\137\000s\000c\000a\000l\000i\000n\000g}{subsection.5.13.1}% 167
\BOOKMARK [3][-]{subsubsection.5.13.1.2}{\376\377\000s\000t\000o\000c\000h\000a\000s\000t\000i\000c\000\137\000m\000o\000d\000e\000l}{subsection.5.13.1}% 168
\BOOKMARK [1][-]{section.5.14}{\376\377\000s\000r\000c\000/\000o\000p\000e\000r\000a\000t\000i\000o\000n\000s\000/\000g\000e\000n\000\137\000r\000a\000n\000d\000.\000f\0009\0000\000\040\000F\000i\000l\000e\000\040\000R\000e\000f\000e\000r\000e\000n\000c\000e}{chapter.5}% 169
\BOOKMARK [2][-]{subsection.5.14.1}{\376\377\000F\000u\000n\000c\000t\000i\000o\000n\000/\000S\000u\000b\000r\000o\000u\000t\000i\000n\000e\000\040\000D\000o\000c\000u\000m\000e\000n\000t\000a\000t\000i\000o\000n}{section.5.14}% 170
\BOOKMARK [3][-]{subsubsection.5.14.1.1}{\376\377\000m\000i\000x\000t\000u\000r\000e\000r\000a\000n\000d\000o\000m\000n\000u\000m\000b\000e\000r\000s\0001\000d}{subsection.5.14.1}% 171
\BOOKMARK [3][-]{subsubsection.5.14.1.2}{\376\377\000m\000i\000x\000t\000u\000r\000e\000r\000a\000n\000d\000o\000m\000n\000u\000m\000b\000e\000r\000s\0002\000d}{subsection.5.14.1}% 172
\BOOKMARK [3][-]{subsubsection.5.14.1.3}{\376\377\000n\000o\000r\000m\000a\000l\000r\000a\000n\000d\000o\000m\000n\000u\000m\000b\000e\000r\000s\0001\000d}{subsection.5.14.1}% 173
\BOOKMARK [3][-]{subsubsection.5.14.1.4}{\376\377\000n\000o\000r\000m\000a\000l\000r\000a\000n\000d\000o\000m\000n\000u\000m\000b\000e\000r\000s\0002\000d}{subsection.5.14.1}% 174
\BOOKMARK [3][-]{subsubsection.5.14.1.5}{\376\377\000r\000a\000n\000d\000o\000m\000\137\000s\000e\000e\000d\000\137\000m\000p\000i}{subsection.5.14.1}% 175
\BOOKMARK [3][-]{subsubsection.5.14.1.6}{\376\377\000u\000n\000i\000f\000o\000r\000m\000r\000a\000n\000d\000o\000m\000n\000u\000m\000b\000e\000r\000s\0001\000d}{subsection.5.14.1}% 176
\BOOKMARK [1][-]{section.5.15}{\376\377\000s\000r\000c\000/\000o\000p\000e\000r\000a\000t\000i\000o\000n\000s\000/\000o\000p\000e\000r\000a\000t\000o\000r\000\137\000w\000r\000a\000p\000p\000e\000r\000s\000.\000f\0009\0000\000\040\000F\000i\000l\000e\000\040\000R\000e\000f\000e\000r\000e\000n\000c\000e}{chapter.5}% 177
\BOOKMARK [2][-]{subsection.5.15.1}{\376\377\000F\000u\000n\000c\000t\000i\000o\000n\000/\000S\000u\000b\000r\000o\000u\000t\000i\000n\000e\000\040\000D\000o\000c\000u\000m\000e\000n\000t\000a\000t\000i\000o\000n}{section.5.15}% 178
\BOOKMARK [3][-]{subsubsection.5.15.1.1}{\376\377\000b\000p\000r\000i\000m\000e}{subsection.5.15.1}% 179
\BOOKMARK [3][-]{subsubsection.5.15.1.2}{\376\377\000i\000n\000n\000e\000r\000h\000q\000h\000t\000\137\000p\000l\000u\000s\000\137\000r\000\137\0001}{subsection.5.15.1}% 180
\BOOKMARK [3][-]{subsubsection.5.15.1.3}{\376\377\000i\000n\000n\000e\000r\000r\000\137\0001}{subsection.5.15.1}% 181
\BOOKMARK [3][-]{subsubsection.5.15.1.4}{\376\377\000k}{subsection.5.15.1}% 182
\BOOKMARK [1][-]{section.5.16}{\376\377\000s\000r\000c\000/\000o\000p\000e\000r\000a\000t\000i\000o\000n\000s\000/\000p\000e\000r\000t\000u\000r\000b\000\137\000p\000a\000r\000t\000i\000c\000l\000e\000.\000f\0009\0000\000\040\000F\000i\000l\000e\000\040\000R\000e\000f\000e\000r\000e\000n\000c\000e}{chapter.5}% 183
\BOOKMARK [2][-]{subsection.5.16.1}{\376\377\000F\000u\000n\000c\000t\000i\000o\000n\000/\000S\000u\000b\000r\000o\000u\000t\000i\000n\000e\000\040\000D\000o\000c\000u\000m\000e\000n\000t\000a\000t\000i\000o\000n}{section.5.16}% 184
\BOOKMARK [3][-]{subsubsection.5.16.1.1}{\376\377\000p\000e\000r\000t\000u\000r\000b\000\137\000p\000a\000r\000t\000i\000c\000l\000e}{subsection.5.16.1}% 185
\BOOKMARK [3][-]{subsubsection.5.16.1.2}{\376\377\000u\000p\000d\000a\000t\000e\000\137\000s\000t\000a\000t\000e}{subsection.5.16.1}% 186
\BOOKMARK [1][-]{section.5.17}{\376\377\000s\000r\000c\000/\000o\000p\000e\000r\000a\000t\000i\000o\000n\000s\000/\000r\000e\000s\000a\000m\000p\000l\000e\000.\000f\0009\0000\000\040\000F\000i\000l\000e\000\040\000R\000e\000f\000e\000r\000e\000n\000c\000e}{chapter.5}% 187
\BOOKMARK [2][-]{subsection.5.17.1}{\376\377\000F\000u\000n\000c\000t\000i\000o\000n\000/\000S\000u\000b\000r\000o\000u\000t\000i\000n\000e\000\040\000D\000o\000c\000u\000m\000e\000n\000t\000a\000t\000i\000o\000n}{section.5.17}% 188
\BOOKMARK [3][-]{subsubsection.5.17.1.1}{\376\377\000r\000e\000s\000a\000m\000p\000l\000e}{subsection.5.17.1}% 189
\BOOKMARK [1][-]{section.5.18}{\376\377\000s\000r\000c\000/\000t\000e\000s\000t\000s\000/\000a\000l\000l\000t\000e\000s\000t\000s\000.\000f\0009\0000\000\040\000F\000i\000l\000e\000\040\000R\000e\000f\000e\000r\000e\000n\000c\000e}{chapter.5}% 190
\BOOKMARK [2][-]{subsection.5.18.1}{\376\377\000F\000u\000n\000c\000t\000i\000o\000n\000/\000S\000u\000b\000r\000o\000u\000t\000i\000n\000e\000\040\000D\000o\000c\000u\000m\000e\000n\000t\000a\000t\000i\000o\000n}{section.5.18}% 191
\BOOKMARK [3][-]{subsubsection.5.18.1.1}{\376\377\000a\000l\000l\000t\000e\000s\000t\000s}{subsection.5.18.1}% 192
\BOOKMARK [1][-]{section.5.19}{\376\377\000s\000r\000c\000/\000t\000e\000s\000t\000s\000/\000t\000e\000s\000t\000\137\000h\000.\000f\0009\0000\000\040\000F\000i\000l\000e\000\040\000R\000e\000f\000e\000r\000e\000n\000c\000e}{chapter.5}% 193
\BOOKMARK [2][-]{subsection.5.19.1}{\376\377\000F\000u\000n\000c\000t\000i\000o\000n\000/\000S\000u\000b\000r\000o\000u\000t\000i\000n\000e\000\040\000D\000o\000c\000u\000m\000e\000n\000t\000a\000t\000i\000o\000n}{section.5.19}% 194
\BOOKMARK [3][-]{subsubsection.5.19.1.1}{\376\377\000t\000e\000s\000t\000\137\000h}{subsection.5.19.1}% 195
\BOOKMARK [1][-]{section.5.20}{\376\377\000s\000r\000c\000/\000t\000e\000s\000t\000s\000/\000t\000e\000s\000t\000\137\000h\000q\000h\000t\000r\000.\000f\0009\0000\000\040\000F\000i\000l\000e\000\040\000R\000e\000f\000e\000r\000e\000n\000c\000e}{chapter.5}% 196
\BOOKMARK [2][-]{subsection.5.20.1}{\376\377\000F\000u\000n\000c\000t\000i\000o\000n\000/\000S\000u\000b\000r\000o\000u\000t\000i\000n\000e\000\040\000D\000o\000c\000u\000m\000e\000n\000t\000a\000t\000i\000o\000n}{section.5.20}% 197
\BOOKMARK [3][-]{subsubsection.5.20.1.1}{\376\377\000t\000e\000s\000t\000\137\000h\000q\000h\000t\000r}{subsection.5.20.1}% 198
\BOOKMARK [1][-]{section.5.21}{\376\377\000s\000r\000c\000/\000t\000e\000s\000t\000s\000/\000t\000e\000s\000t\000\137\000q\000.\000f\0009\0000\000\040\000F\000i\000l\000e\000\040\000R\000e\000f\000e\000r\000e\000n\000c\000e}{chapter.5}% 199
\BOOKMARK [2][-]{subsection.5.21.1}{\376\377\000F\000u\000n\000c\000t\000i\000o\000n\000/\000S\000u\000b\000r\000o\000u\000t\000i\000n\000e\000\040\000D\000o\000c\000u\000m\000e\000n\000t\000a\000t\000i\000o\000n}{section.5.21}% 200
\BOOKMARK [3][-]{subsubsection.5.21.1.1}{\376\377\000t\000e\000s\000t\000\137\000q}{subsection.5.21.1}% 201
\BOOKMARK [1][-]{section.5.22}{\376\377\000s\000r\000c\000/\000t\000e\000s\000t\000s\000/\000t\000e\000s\000t\000\137\000r\000.\000f\0009\0000\000\040\000F\000i\000l\000e\000\040\000R\000e\000f\000e\000r\000e\000n\000c\000e}{chapter.5}% 202
\BOOKMARK [2][-]{subsection.5.22.1}{\376\377\000F\000u\000n\000c\000t\000i\000o\000n\000/\000S\000u\000b\000r\000o\000u\000t\000i\000n\000e\000\040\000D\000o\000c\000u\000m\000e\000n\000t\000a\000t\000i\000o\000n}{section.5.22}% 203
\BOOKMARK [3][-]{subsubsection.5.22.1.1}{\376\377\000t\000e\000s\000t\000\137\000r}{subsection.5.22.1}% 204
\BOOKMARK [1][-]{section.5.23}{\376\377\000s\000r\000c\000/\000t\000e\000s\000t\000s\000/\000t\000e\000s\000t\000s\000.\000f\0009\0000\000\040\000F\000i\000l\000e\000\040\000R\000e\000f\000e\000r\000e\000n\000c\000e}{chapter.5}% 205
\BOOKMARK [2][-]{subsection.5.23.1}{\376\377\000F\000u\000n\000c\000t\000i\000o\000n\000/\000S\000u\000b\000r\000o\000u\000t\000i\000n\000e\000\040\000D\000o\000c\000u\000m\000e\000n\000t\000a\000t\000i\000o\000n}{section.5.23}% 206
\BOOKMARK [3][-]{subsubsection.5.23.1.1}{\376\377\000h\000\137\000t\000e\000s\000t\000s}{subsection.5.23.1}% 207
\BOOKMARK [3][-]{subsubsection.5.23.1.2}{\376\377\000h\000q\000h\000t\000r\000\137\000t\000e\000s\000t\000s}{subsection.5.23.1}% 208
\BOOKMARK [3][-]{subsubsection.5.23.1.3}{\376\377\000q\000\137\000t\000e\000s\000t\000s}{subsection.5.23.1}% 209
\BOOKMARK [3][-]{subsubsection.5.23.1.4}{\376\377\000r\000\137\000t\000e\000s\000t\000s}{subsection.5.23.1}% 210
\BOOKMARK [1][-]{section.5.24}{\376\377\000s\000r\000c\000/\000u\000t\000i\000l\000s\000/\000c\000o\000m\000m\000s\000.\000f\0009\0000\000\040\000F\000i\000l\000e\000\040\000R\000e\000f\000e\000r\000e\000n\000c\000e}{chapter.5}% 211
\BOOKMARK [1][-]{section.5.25}{\376\377\000s\000r\000c\000/\000u\000t\000i\000l\000s\000/\000d\000a\000t\000a\000\137\000i\000o\000.\000f\0009\0000\000\040\000F\000i\000l\000e\000\040\000R\000e\000f\000e\000r\000e\000n\000c\000e}{chapter.5}% 212
\BOOKMARK [2][-]{subsection.5.25.1}{\376\377\000F\000u\000n\000c\000t\000i\000o\000n\000/\000S\000u\000b\000r\000o\000u\000t\000i\000n\000e\000\040\000D\000o\000c\000u\000m\000e\000n\000t\000a\000t\000i\000o\000n}{section.5.25}% 213
\BOOKMARK [3][-]{subsubsection.5.25.1.1}{\376\377\000g\000e\000t\000\137\000o\000b\000s\000e\000r\000v\000a\000t\000i\000o\000n\000\137\000d\000a\000t\000a}{subsection.5.25.1}% 214
\BOOKMARK [3][-]{subsubsection.5.25.1.2}{\376\377\000o\000u\000t\000p\000u\000t\000\137\000f\000r\000o\000m\000\137\000p\000f}{subsection.5.25.1}% 215
\BOOKMARK [3][-]{subsubsection.5.25.1.3}{\376\377\000s\000a\000v\000e\000\137\000o\000b\000s\000e\000r\000v\000a\000t\000i\000o\000n\000\137\000d\000a\000t\000a}{subsection.5.25.1}% 216
\BOOKMARK [3][-]{subsubsection.5.25.1.4}{\376\377\000s\000a\000v\000e\000\137\000t\000r\000u\000t\000h}{subsection.5.25.1}% 217
\BOOKMARK [1][-]{section.5.26}{\376\377\000s\000r\000c\000/\000u\000t\000i\000l\000s\000/\000d\000i\000a\000g\000n\000o\000s\000t\000i\000c\000s\000.\000f\0009\0000\000\040\000F\000i\000l\000e\000\040\000R\000e\000f\000e\000r\000e\000n\000c\000e}{chapter.5}% 218
\BOOKMARK [2][-]{subsection.5.26.1}{\376\377\000F\000u\000n\000c\000t\000i\000o\000n\000/\000S\000u\000b\000r\000o\000u\000t\000i\000n\000e\000\040\000D\000o\000c\000u\000m\000e\000n\000t\000a\000t\000i\000o\000n}{section.5.26}% 219
\BOOKMARK [3][-]{subsubsection.5.26.1.1}{\376\377\000d\000i\000a\000g\000n\000o\000s\000t\000i\000c\000s}{subsection.5.26.1}% 220
\BOOKMARK [3][-]{subsubsection.5.26.1.2}{\376\377\000t\000r\000a\000j\000e\000c\000t\000o\000r\000i\000e\000s}{subsection.5.26.1}% 221
\BOOKMARK [1][-]{section.5.27}{\376\377\000s\000r\000c\000/\000u\000t\000i\000l\000s\000/\000g\000e\000n\000Q\000.\000f\0009\0000\000\040\000F\000i\000l\000e\000\040\000R\000e\000f\000e\000r\000e\000n\000c\000e}{chapter.5}% 222
\BOOKMARK [2][-]{subsection.5.27.1}{\376\377\000F\000u\000n\000c\000t\000i\000o\000n\000/\000S\000u\000b\000r\000o\000u\000t\000i\000n\000e\000\040\000D\000o\000c\000u\000m\000e\000n\000t\000a\000t\000i\000o\000n}{section.5.27}% 223
\BOOKMARK [3][-]{subsubsection.5.27.1.1}{\376\377\000g\000e\000n\000q}{subsection.5.27.1}% 224
\BOOKMARK [1][-]{section.5.28}{\376\377\000s\000r\000c\000/\000u\000t\000i\000l\000s\000/\000h\000i\000s\000t\000o\000g\000r\000a\000m\000.\000f\0009\0000\000\040\000F\000i\000l\000e\000\040\000R\000e\000f\000e\000r\000e\000n\000c\000e}{chapter.5}% 225
\BOOKMARK [1][-]{section.5.29}{\376\377\000s\000r\000c\000/\000u\000t\000i\000l\000s\000/\000q\000u\000i\000c\000k\000s\000o\000r\000t\000.\000f\0009\0000\000\040\000F\000i\000l\000e\000\040\000R\000e\000f\000e\000r\000e\000n\000c\000e}{chapter.5}% 226
\BOOKMARK [2][-]{subsection.5.29.1}{\376\377\000F\000u\000n\000c\000t\000i\000o\000n\000/\000S\000u\000b\000r\000o\000u\000t\000i\000n\000e\000\040\000D\000o\000c\000u\000m\000e\000n\000t\000a\000t\000i\000o\000n}{section.5.29}% 227
\BOOKMARK [3][-]{subsubsection.5.29.1.1}{\376\377\000i\000n\000s\000e\000r\000t\000i\000o\000n\000s\000o\000r\000t\000\137\000d}{subsection.5.29.1}% 228
\BOOKMARK [3][-]{subsubsection.5.29.1.2}{\376\377\000q\000u\000i\000c\000k\000s\000o\000r\000t\000\137\000d}{subsection.5.29.1}% 229
\BOOKMARK [1][-]{section.5.30}{\376\377\000s\000r\000c\000/\000u\000t\000i\000l\000s\000/\000r\000a\000n\000d\000o\000m\000\137\000d\000.\000f\0009\0000\000\040\000F\000i\000l\000e\000\040\000R\000e\000f\000e\000r\000e\000n\000c\000e}{chapter.5}% 230
\BOOKMARK [0][-]{section*.48}{\376\377\000I\000n\000d\000e\000x}{}% 231
